<?xml version="1.0" encoding="UTF-8"?>
<!-- Generated by org.testng.reporters.JUnitReportReporter -->
<testsuite skipped="0" hostname="LAPTOP-0J7NNLBG" name="JobBoard.Activity_5and6" tests="2" failures="0" timestamp="2020-08-27T10:05:33 CDT" time="2.570" errors="0">
  <testcase name="applyingForJob" time="1.772" classname="JobBoard.Activity_5and6"/>
  <system-out/>
  <testcase name="navigateToJobs" time="0.798" classname="JobBoard.Activity_5and6"/>
  <system-out/>
</testsuite> <!-- JobBoard.Activity_5and6 -->
