<?xml version="1.0" encoding="UTF-8"?>
<!-- Generated by org.testng.reporters.JUnitReportReporter -->
<testsuite skipped="0" hostname="LAPTOP-0J7NNLBG" name="JobBoard.Activity_8and9" tests="2" failures="0" timestamp="2020-08-27T10:05:33 CDT" time="16.045" errors="0">
  <testcase name="logintoBackend" time="3.044" classname="JobBoard.Activity_8and9"/>
  <system-out/>
  <testcase name="createJobListBackend" time="13.001" classname="JobBoard.Activity_8and9"/>
  <system-out/>
</testsuite> <!-- JobBoard.Activity_8and9 -->
