<?xml version="1.0" encoding="UTF-8"?>
<!-- Generated by org.testng.reporters.JUnitReportReporter -->
<testsuite skipped="0" hostname="LAPTOP-0J7NNLBG" name="JobBoard.Activity_2" tests="1" failures="0" timestamp="2020-08-27T10:05:33 CDT" time="0.072" errors="0">
  <testcase name="headingCheck" time="0.072" classname="JobBoard.Activity_2"/>
  <system-out/>
</testsuite> <!-- JobBoard.Activity_2 -->
