<?xml version="1.0" encoding="UTF-8"?>
<!-- Generated by org.testng.reporters.JUnitReportReporter -->
<testsuite skipped="0" hostname="LAPTOP-0J7NNLBG" name="JobBoard.Activity_1" tests="1" failures="0" timestamp="2020-08-27T10:05:33 CDT" time="0.024" errors="0">
  <testcase name="titleCheck" time="0.024" classname="JobBoard.Activity_1"/>
  <system-out/>
</testsuite> <!-- JobBoard.Activity_1 -->
