<?xml version="1.0" encoding="UTF-8"?>
<!-- Generated by org.testng.reporters.JUnitReportReporter -->
<testsuite skipped="0" hostname="LAPTOP-0J7NNLBG" name="JobBoard.CommonSteps" tests="1" failures="0" timestamp="2020-08-26T01:39:04 CDT" time="0.009" errors="0">
  <testcase name="test1" time="0.009" classname="JobBoard.CommonSteps"/>
  <system-out/>
</testsuite> <!-- JobBoard.CommonSteps -->
